<?xml version="1.0" encoding="UTF-8"?>
<!-- Generated by org.testng.reporters.JUnitReportReporter -->
<testsuite skipped="0" hostname="YWT" name="login.Login" tests="1" failures="0" timestamp="22 十二月 2019 14:18:02 GMT" time="12.551" errors="0">
  <testcase name="login" time="12.551" classname="login.Login"/>
</testsuite> <!-- login.Login -->
