<?xml version="1.0" encoding="UTF-8"?>
<!-- Generated by org.testng.reporters.JUnitReportReporter -->
<testsuite skipped="0" hostname="YWT" name="chat.Chat" tests="1" failures="0" timestamp="22 十二月 2019 14:18:02 GMT" time="0.358" errors="0">
  <testcase name="chat" time="0.358" classname="chat.Chat"/>
</testsuite> <!-- chat.Chat -->
