<?xml version="1.0" encoding="UTF-8"?>
<!-- Generated by org.testng.reporters.JUnitReportReporter -->
<testsuite skipped="0" hostname="YWT" name="register.Register" tests="1" failures="0" timestamp="21 十二月 2019 13:01:48 GMT" time="11.934" errors="0">
  <testcase name="RegisterAndLogin" time="11.934" classname="register.Register"/>
</testsuite> <!-- register.Register -->
