<?xml version="1.0" encoding="UTF-8"?>
<!-- Generated by org.testng.reporters.JUnitReportReporter -->
<testsuite skipped="0" hostname="YWT" name="addfriend.Addfriend" tests="1" failures="0" timestamp="22 十二月 2019 14:18:02 GMT" time="20.829" errors="0">
  <testcase name="addfriend" time="20.829" classname="addfriend.Addfriend"/>
</testsuite> <!-- addfriend.Addfriend -->
