<?xml version="1.0" encoding="UTF-8"?>
<!-- Generated by org.testng.reporters.JUnitReportReporter -->
<testsuite skipped="0" hostname="YWT" name="impression.Impression" tests="1" failures="0" timestamp="22 十二月 2019 14:18:02 GMT" time="5.037" errors="0">
  <testcase name="impression" time="5.037" classname="impression.Impression"/>
</testsuite> <!-- impression.Impression -->
